0 info it worked if it ends with ok
1 verbose cli [ '/usr/bin/nodejs', '/usr/bin/npm', 'install', 'client-session' ]
2 info using npm@1.4.21
3 info using node@v0.10.25
4 warn package.json musicShare@ No repository field.
5 warn package.json musicShare@ No README data
6 warn package.json angular-file-upload@2.2.0 No repository field.
7 verbose readDependencies using package.json deps
8 verbose cache add [ 'client-session', null ]
9 verbose cache add name=undefined spec="client-session" args=["client-session",null]
10 verbose parsed url { protocol: null,
10 verbose parsed url   slashes: null,
10 verbose parsed url   auth: null,
10 verbose parsed url   host: null,
10 verbose parsed url   port: null,
10 verbose parsed url   hostname: null,
10 verbose parsed url   hash: null,
10 verbose parsed url   search: null,
10 verbose parsed url   query: null,
10 verbose parsed url   pathname: 'client-session',
10 verbose parsed url   path: 'client-session',
10 verbose parsed url   href: 'client-session' }
11 silly lockFile 471c985f-client-session client-session
12 verbose lock client-session /home/alexander/.npm/471c985f-client-session.lock
13 silly lockFile 471c985f-client-session client-session
14 silly lockFile 471c985f-client-session client-session
15 verbose addNamed [ 'client-session', '' ]
16 verbose addNamed [ null, '*' ]
17 silly lockFile 3533201f-client-session client-session@
18 verbose lock client-session@ /home/alexander/.npm/3533201f-client-session.lock
19 silly addNameRange { name: 'client-session', range: '*', hasData: false }
20 verbose request where is /client-session
21 verbose request registry https://registry.npmjs.org/
22 verbose request id e630d99cffaf8591
23 verbose url raw /client-session
24 verbose url resolving [ 'https://registry.npmjs.org/', './client-session' ]
25 verbose url resolved https://registry.npmjs.org/client-session
26 verbose request where is https://registry.npmjs.org/client-session
27 info trying registry request attempt 1 at 12:39:08
28 http GET https://registry.npmjs.org/client-session
29 http 200 https://registry.npmjs.org/client-session
30 silly registry.get cb [ 200,
30 silly registry.get   { server: 'CouchDB/1.5.0 (Erlang OTP/R16B03)',
30 silly registry.get     etag: '"9QIBX1XPJWPCSP340VJN975CE"',
30 silly registry.get     'content-type': 'application/json',
30 silly registry.get     'cache-control': 'max-age=300',
30 silly registry.get     'content-length': '17873',
30 silly registry.get     'accept-ranges': 'bytes',
30 silly registry.get     date: 'Fri, 11 Mar 2016 10:39:09 GMT',
30 silly registry.get     via: '1.1 varnish',
30 silly registry.get     age: '0',
30 silly registry.get     connection: 'keep-alive',
30 silly registry.get     'x-served-by': 'cache-ams4144-AMS',
30 silly registry.get     'x-cache': 'MISS',
30 silly registry.get     'x-cache-hits': '0',
30 silly registry.get     'x-timer': 'S1457692749.215647,VS0,VE360',
30 silly registry.get     vary: 'Accept' } ]
31 silly addNameRange number 2 { name: 'client-session', range: '*', hasData: true }
32 silly addNameRange versions [ 'client-session',
32 silly addNameRange   [ '0.1.0',
32 silly addNameRange     '0.1.1',
32 silly addNameRange     '0.1.2',
32 silly addNameRange     '0.1.3',
32 silly addNameRange     '0.1.4',
32 silly addNameRange     '0.1.5',
32 silly addNameRange     '0.1.6',
32 silly addNameRange     '0.1.7' ] ]
33 verbose addNamed [ 'client-session', '0.1.7' ]
34 verbose addNamed [ '0.1.7', '0.1.7' ]
35 silly lockFile 641eb9e2-client-session-0-1-7 client-session@0.1.7
36 verbose lock client-session@0.1.7 /home/alexander/.npm/641eb9e2-client-session-0-1-7.lock
37 silly lockFile e40a7478-session-client-session-0-1-7-tgz https://registry.npmjs.org/client-session/-/client-session-0.1.7.tgz
38 verbose lock https://registry.npmjs.org/client-session/-/client-session-0.1.7.tgz /home/alexander/.npm/e40a7478-session-client-session-0-1-7-tgz.lock
39 verbose addRemoteTarball [ 'https://registry.npmjs.org/client-session/-/client-session-0.1.7.tgz',
39 verbose addRemoteTarball   'ca72caddeb4b59d55930b92a3f6f971ce0279184' ]
40 info retry fetch attempt 1 at 12:39:09
41 verbose fetch to= /tmp/npm-5090-liG-uoSx/registry.npmjs.org/client-session/-/client-session-0.1.7.tgz
42 http GET https://registry.npmjs.org/client-session/-/client-session-0.1.7.tgz
43 http 200 https://registry.npmjs.org/client-session/-/client-session-0.1.7.tgz
44 silly lockFile e40a7478-session-client-session-0-1-7-tgz https://registry.npmjs.org/client-session/-/client-session-0.1.7.tgz
45 silly lockFile e40a7478-session-client-session-0-1-7-tgz https://registry.npmjs.org/client-session/-/client-session-0.1.7.tgz
46 silly lockFile 641eb9e2-client-session-0-1-7 client-session@0.1.7
47 silly lockFile 641eb9e2-client-session-0-1-7 client-session@0.1.7
48 silly lockFile 3533201f-client-session client-session@
49 silly lockFile 3533201f-client-session client-session@
50 silly resolved [ { author:
50 silly resolved      { name: 'doublespout',
50 silly resolved        email: 'snoopyxdy@163.com',
50 silly resolved        url: 'http://snoopyxdy.blog.163.com' },
50 silly resolved     name: 'client-session',
50 silly resolved     description: 'cookie session for nodejs, store session in client browers\'s cookie, support Cross Process session without database store',
50 silly resolved     keywords:
50 silly resolved      [ 'cookie session',
50 silly resolved        'cookie',
50 silly resolved        'session',
50 silly resolved        'client session',
50 silly resolved        'cookie',
50 silly resolved        'process',
50 silly resolved        'Cross Process' ],
50 silly resolved     version: '0.1.7',
50 silly resolved     url: 'https://github.com/DoubleSpout/nodeClientSession',
50 silly resolved     homepage: 'https://github.com/DoubleSpout/nodeClientSession',
50 silly resolved     repository:
50 silly resolved      { type: 'git',
50 silly resolved        url: 'https://github.com/DoubleSpout/nodeClientSession.git' },
50 silly resolved     main: 'index.js',
50 silly resolved     engines: { node: '>=0.10.0' },
50 silly resolved     dependencies: { cookie: '0.1.2' },
50 silly resolved     scripts: { install: 'node-gyp rebuild', tset: 'node ./test/main.js' },
50 silly resolved     gypfile: true,
50 silly resolved     bugs: { url: 'https://github.com/DoubleSpout/nodeClientSession/issues' },
50 silly resolved     _id: 'client-session@0.1.7',
50 silly resolved     dist:
50 silly resolved      { shasum: 'ca72caddeb4b59d55930b92a3f6f971ce0279184',
50 silly resolved        tarball: 'http://registry.npmjs.org/client-session/-/client-session-0.1.7.tgz' },
50 silly resolved     _from: 'client-session@',
50 silly resolved     _npmVersion: '1.4.3',
50 silly resolved     _npmUser: { name: 'doublespout', email: 'snoopyxdy@gmail.com' },
50 silly resolved     maintainers: [ [Object] ],
50 silly resolved     directories: {},
50 silly resolved     _shasum: 'ca72caddeb4b59d55930b92a3f6f971ce0279184',
50 silly resolved     _resolved: 'https://registry.npmjs.org/client-session/-/client-session-0.1.7.tgz' } ]
51 info install client-session@0.1.7 into /media/alexander/Data_disk/Olimpiadi/NOIT/mean-stack-registration-login-example-master
52 info installOne client-session@0.1.7
53 verbose node_modules/client-session unbuild
54 verbose tar unpack /home/alexander/.npm/client-session/0.1.7/package.tgz
55 silly lockFile fb583808-ster-node-modules-client-session tar:///media/alexander/Data_disk/Olimpiadi/NOIT/mean-stack-registration-login-example-master/node_modules/client-session
56 verbose lock tar:///media/alexander/Data_disk/Olimpiadi/NOIT/mean-stack-registration-login-example-master/node_modules/client-session /home/alexander/.npm/fb583808-ster-node-modules-client-session.lock
57 silly lockFile a2c241f6-client-session-0-1-7-package-tgz tar:///home/alexander/.npm/client-session/0.1.7/package.tgz
58 verbose lock tar:///home/alexander/.npm/client-session/0.1.7/package.tgz /home/alexander/.npm/a2c241f6-client-session-0-1-7-package-tgz.lock
59 silly gunzTarPerm modes [ '775', '664' ]
60 silly gunzTarPerm extractEntry package.json
61 silly gunzTarPerm modified mode [ 'package.json', 438, 436 ]
62 silly gunzTarPerm extractEntry .npmignore
63 silly gunzTarPerm modified mode [ '.npmignore', 438, 436 ]
64 silly gunzTarPerm extractEntry README.md
65 silly gunzTarPerm modified mode [ 'README.md', 438, 436 ]
66 silly gunzTarPerm extractEntry index.js
67 silly gunzTarPerm modified mode [ 'index.js', 438, 436 ]
68 silly gunzTarPerm extractEntry binding.gyp
69 silly gunzTarPerm modified mode [ 'binding.gyp', 438, 436 ]
70 silly gunzTarPerm extractEntry example/multi_process_node.js
71 silly gunzTarPerm modified mode [ 'example/multi_process_node.js', 438, 436 ]
72 silly gunzTarPerm extractEntry example/one_process_express.js
73 silly gunzTarPerm modified mode [ 'example/one_process_express.js', 438, 436 ]
74 silly gunzTarPerm extractEntry example/one_process_node.js
75 silly gunzTarPerm modified mode [ 'example/one_process_node.js', 438, 436 ]
76 silly gunzTarPerm extractEntry example/redirect_node.js
77 silly gunzTarPerm modified mode [ 'example/redirect_node.js', 438, 436 ]
78 silly gunzTarPerm extractEntry example/simple.js
79 silly gunzTarPerm modified mode [ 'example/simple.js', 438, 436 ]
80 silly gunzTarPerm extractEntry example/simple_express.js
81 silly gunzTarPerm modified mode [ 'example/simple_express.js', 438, 436 ]
82 silly gunzTarPerm extractEntry example/1.txt
83 silly gunzTarPerm modified mode [ 'example/1.txt', 438, 436 ]
84 silly gunzTarPerm extractEntry .travis.yml
85 silly gunzTarPerm modified mode [ '.travis.yml', 438, 436 ]
86 silly gunzTarPerm extractEntry lib/client_session.js
87 silly gunzTarPerm modified mode [ 'lib/client_session.js', 438, 436 ]
88 silly gunzTarPerm extractEntry benchmark/benchmark_clinet_session_express.js
89 silly gunzTarPerm modified mode [ 'benchmark/benchmark_clinet_session_express.js', 438, 436 ]
90 silly gunzTarPerm extractEntry benchmark/benchmark_redis_session_express.js
91 silly gunzTarPerm modified mode [ 'benchmark/benchmark_redis_session_express.js', 438, 436 ]
92 silly gunzTarPerm extractEntry src/base64.cpp
93 silly gunzTarPerm modified mode [ 'src/base64.cpp', 438, 436 ]
94 silly gunzTarPerm extractEntry src/base64.h
95 silly gunzTarPerm modified mode [ 'src/base64.h', 438, 436 ]
96 silly gunzTarPerm extractEntry src/client_session_class.cpp
97 silly gunzTarPerm modified mode [ 'src/client_session_class.cpp', 438, 436 ]
98 silly gunzTarPerm extractEntry src/client_session_class.h
99 silly gunzTarPerm modified mode [ 'src/client_session_class.h', 438, 436 ]
100 silly gunzTarPerm extractEntry src/clientsession.cpp
101 silly gunzTarPerm modified mode [ 'src/clientsession.cpp', 438, 436 ]
102 silly gunzTarPerm extractEntry src/main.cpp
103 silly gunzTarPerm modified mode [ 'src/main.cpp', 438, 436 ]
104 silly gunzTarPerm extractEntry src/md5.cpp
105 silly gunzTarPerm modified mode [ 'src/md5.cpp', 438, 436 ]
106 silly gunzTarPerm extractEntry src/md5.h
107 silly gunzTarPerm modified mode [ 'src/md5.h', 438, 436 ]
108 silly gunzTarPerm extractEntry src/modp_base64/modp_b64.cc
109 silly gunzTarPerm modified mode [ 'src/modp_base64/modp_b64.cc', 438, 436 ]
110 silly gunzTarPerm extractEntry src/modp_base64/modp_b64.h
111 silly gunzTarPerm modified mode [ 'src/modp_base64/modp_b64.h', 438, 436 ]
112 silly gunzTarPerm extractEntry src/modp_base64/modp_b64_data.h
113 silly gunzTarPerm modified mode [ 'src/modp_base64/modp_b64_data.h', 438, 436 ]
114 silly gunzTarPerm extractEntry test/main.js
115 silly gunzTarPerm modified mode [ 'test/main.js', 438, 436 ]
116 silly gunzTarPerm extractEntry vendor.yml
117 silly gunzTarPerm modified mode [ 'vendor.yml', 438, 436 ]
118 silly lockFile fb583808-ster-node-modules-client-session tar:///media/alexander/Data_disk/Olimpiadi/NOIT/mean-stack-registration-login-example-master/node_modules/client-session
119 silly lockFile fb583808-ster-node-modules-client-session tar:///media/alexander/Data_disk/Olimpiadi/NOIT/mean-stack-registration-login-example-master/node_modules/client-session
120 silly lockFile a2c241f6-client-session-0-1-7-package-tgz tar:///home/alexander/.npm/client-session/0.1.7/package.tgz
121 silly lockFile a2c241f6-client-session-0-1-7-package-tgz tar:///home/alexander/.npm/client-session/0.1.7/package.tgz
122 info preinstall client-session@0.1.7
123 verbose readDependencies using package.json deps
124 verbose readDependencies using package.json deps
125 verbose cache add [ 'cookie@0.1.2', null ]
126 verbose cache add name=undefined spec="cookie@0.1.2" args=["cookie@0.1.2",null]
127 verbose parsed url { protocol: null,
127 verbose parsed url   slashes: null,
127 verbose parsed url   auth: null,
127 verbose parsed url   host: null,
127 verbose parsed url   port: null,
127 verbose parsed url   hostname: null,
127 verbose parsed url   hash: null,
127 verbose parsed url   search: null,
127 verbose parsed url   query: null,
127 verbose parsed url   pathname: 'cookie@0.1.2',
127 verbose parsed url   path: 'cookie@0.1.2',
127 verbose parsed url   href: 'cookie@0.1.2' }
128 verbose cache add name="cookie" spec="0.1.2" args=["cookie","0.1.2"]
129 verbose parsed url { protocol: null,
129 verbose parsed url   slashes: null,
129 verbose parsed url   auth: null,
129 verbose parsed url   host: null,
129 verbose parsed url   port: null,
129 verbose parsed url   hostname: null,
129 verbose parsed url   hash: null,
129 verbose parsed url   search: null,
129 verbose parsed url   query: null,
129 verbose parsed url   pathname: '0.1.2',
129 verbose parsed url   path: '0.1.2',
129 verbose parsed url   href: '0.1.2' }
130 verbose addNamed [ 'cookie', '0.1.2' ]
131 verbose addNamed [ '0.1.2', '0.1.2' ]
132 silly lockFile ccf606cf-cookie-0-1-2 cookie@0.1.2
133 verbose lock cookie@0.1.2 /home/alexander/.npm/ccf606cf-cookie-0-1-2.lock
134 verbose request where is /cookie
135 verbose request registry https://registry.npmjs.org/
136 verbose url raw /cookie
137 verbose url resolving [ 'https://registry.npmjs.org/', './cookie' ]
138 verbose url resolved https://registry.npmjs.org/cookie
139 verbose request where is https://registry.npmjs.org/cookie
140 info trying registry request attempt 1 at 12:39:10
141 verbose etag "B5HULJOL4U8WR1IIOI7P9E1WP"
142 http GET https://registry.npmjs.org/cookie
143 http 304 https://registry.npmjs.org/cookie
144 silly registry.get cb [ 304,
144 silly registry.get   { date: 'Fri, 11 Mar 2016 10:39:10 GMT',
144 silly registry.get     via: '1.1 varnish',
144 silly registry.get     'cache-control': 'max-age=300',
144 silly registry.get     etag: '"B5HULJOL4U8WR1IIOI7P9E1WP"',
144 silly registry.get     age: '15',
144 silly registry.get     connection: 'keep-alive',
144 silly registry.get     'x-served-by': 'cache-fra1241-FRA',
144 silly registry.get     'x-cache': 'HIT',
144 silly registry.get     'x-cache-hits': '1',
144 silly registry.get     'x-timer': 'S1457692750.649435,VS0,VE0',
144 silly registry.get     vary: 'Accept' } ]
145 verbose etag https://registry.npmjs.org/cookie from cache
146 silly lockFile 67a05db0-pmjs-org-cookie-cookie-0-1-2-tgz https://registry.npmjs.org/cookie/-/cookie-0.1.2.tgz
147 verbose lock https://registry.npmjs.org/cookie/-/cookie-0.1.2.tgz /home/alexander/.npm/67a05db0-pmjs-org-cookie-cookie-0-1-2-tgz.lock
148 verbose addRemoteTarball [ 'https://registry.npmjs.org/cookie/-/cookie-0.1.2.tgz',
148 verbose addRemoteTarball   '72fec3d24e48a3432073d90c12642005061004b1' ]
149 info retry fetch attempt 1 at 12:39:10
150 verbose fetch to= /tmp/npm-5090-liG-uoSx/registry.npmjs.org/cookie/-/cookie-0.1.2.tgz
151 http GET https://registry.npmjs.org/cookie/-/cookie-0.1.2.tgz
152 http 200 https://registry.npmjs.org/cookie/-/cookie-0.1.2.tgz
153 silly lockFile 67a05db0-pmjs-org-cookie-cookie-0-1-2-tgz https://registry.npmjs.org/cookie/-/cookie-0.1.2.tgz
154 silly lockFile 67a05db0-pmjs-org-cookie-cookie-0-1-2-tgz https://registry.npmjs.org/cookie/-/cookie-0.1.2.tgz
155 silly lockFile ccf606cf-cookie-0-1-2 cookie@0.1.2
156 silly lockFile ccf606cf-cookie-0-1-2 cookie@0.1.2
157 silly resolved [ { author: { name: 'Roman Shtylman', email: 'shtylman@gmail.com' },
157 silly resolved     name: 'cookie',
157 silly resolved     description: 'cookie parsing and serialization',
157 silly resolved     version: '0.1.2',
157 silly resolved     repository:
157 silly resolved      { type: 'git',
157 silly resolved        url: 'git://github.com/shtylman/node-cookie.git' },
157 silly resolved     keywords: [ 'cookie', 'cookies' ],
157 silly resolved     main: 'index.js',
157 silly resolved     scripts: { test: 'mocha' },
157 silly resolved     dependencies: {},
157 silly resolved     devDependencies: { mocha: '1.x.x' },
157 silly resolved     optionalDependencies: {},
157 silly resolved     engines: { node: '*' },
157 silly resolved     bugs: { url: 'https://github.com/shtylman/node-cookie/issues' },
157 silly resolved     homepage: 'https://github.com/shtylman/node-cookie',
157 silly resolved     _id: 'cookie@0.1.2',
157 silly resolved     dist:
157 silly resolved      { shasum: '72fec3d24e48a3432073d90c12642005061004b1',
157 silly resolved        tarball: 'http://registry.npmjs.org/cookie/-/cookie-0.1.2.tgz' },
157 silly resolved     _from: 'cookie@0.1.2',
157 silly resolved     _npmVersion: '1.4.6',
157 silly resolved     _npmUser: { name: 'shtylman', email: 'shtylman@gmail.com' },
157 silly resolved     maintainers: [ [Object] ],
157 silly resolved     directories: {},
157 silly resolved     _shasum: '72fec3d24e48a3432073d90c12642005061004b1',
157 silly resolved     _resolved: 'https://registry.npmjs.org/cookie/-/cookie-0.1.2.tgz' } ]
158 info install cookie@0.1.2 into /media/alexander/Data_disk/Olimpiadi/NOIT/mean-stack-registration-login-example-master/node_modules/client-session
159 info installOne cookie@0.1.2
160 verbose node_modules/client-session/node_modules/cookie unbuild
161 verbose tar unpack /home/alexander/.npm/cookie/0.1.2/package.tgz
162 silly lockFile 175b6f41-ient-session-node-modules-cookie tar:///media/alexander/Data_disk/Olimpiadi/NOIT/mean-stack-registration-login-example-master/node_modules/client-session/node_modules/cookie
163 verbose lock tar:///media/alexander/Data_disk/Olimpiadi/NOIT/mean-stack-registration-login-example-master/node_modules/client-session/node_modules/cookie /home/alexander/.npm/175b6f41-ient-session-node-modules-cookie.lock
164 silly lockFile 94c70331-der-npm-cookie-0-1-2-package-tgz tar:///home/alexander/.npm/cookie/0.1.2/package.tgz
165 verbose lock tar:///home/alexander/.npm/cookie/0.1.2/package.tgz /home/alexander/.npm/94c70331-der-npm-cookie-0-1-2-package-tgz.lock
166 silly gunzTarPerm modes [ '775', '664' ]
167 silly gunzTarPerm extractEntry package.json
168 silly gunzTarPerm modified mode [ 'package.json', 420, 436 ]
169 silly gunzTarPerm extractEntry .npmignore
170 silly gunzTarPerm modified mode [ '.npmignore', 420, 436 ]
171 silly gunzTarPerm extractEntry README.md
172 silly gunzTarPerm modified mode [ 'README.md', 420, 436 ]
173 silly gunzTarPerm extractEntry LICENSE
174 silly gunzTarPerm modified mode [ 'LICENSE', 420, 436 ]
175 silly gunzTarPerm extractEntry index.js
176 silly gunzTarPerm modified mode [ 'index.js', 420, 436 ]
177 silly lockFile 175b6f41-ient-session-node-modules-cookie tar:///media/alexander/Data_disk/Olimpiadi/NOIT/mean-stack-registration-login-example-master/node_modules/client-session/node_modules/cookie
178 silly lockFile 175b6f41-ient-session-node-modules-cookie tar:///media/alexander/Data_disk/Olimpiadi/NOIT/mean-stack-registration-login-example-master/node_modules/client-session/node_modules/cookie
179 silly lockFile 94c70331-der-npm-cookie-0-1-2-package-tgz tar:///home/alexander/.npm/cookie/0.1.2/package.tgz
180 silly lockFile 94c70331-der-npm-cookie-0-1-2-package-tgz tar:///home/alexander/.npm/cookie/0.1.2/package.tgz
181 info preinstall cookie@0.1.2
182 verbose readDependencies using package.json deps
183 verbose readDependencies using package.json deps
184 silly resolved []
185 verbose about to build /media/alexander/Data_disk/Olimpiadi/NOIT/mean-stack-registration-login-example-master/node_modules/client-session/node_modules/cookie
186 info build /media/alexander/Data_disk/Olimpiadi/NOIT/mean-stack-registration-login-example-master/node_modules/client-session/node_modules/cookie
187 verbose linkStuff [ false,
187 verbose linkStuff   false,
187 verbose linkStuff   false,
187 verbose linkStuff   '/media/alexander/Data_disk/Olimpiadi/NOIT/mean-stack-registration-login-example-master/node_modules/client-session/node_modules' ]
188 info linkStuff cookie@0.1.2
189 verbose linkBins cookie@0.1.2
190 verbose linkMans cookie@0.1.2
191 verbose rebuildBundles cookie@0.1.2
192 info install cookie@0.1.2
193 info postinstall cookie@0.1.2
194 verbose about to build /media/alexander/Data_disk/Olimpiadi/NOIT/mean-stack-registration-login-example-master/node_modules/client-session
195 info build /media/alexander/Data_disk/Olimpiadi/NOIT/mean-stack-registration-login-example-master/node_modules/client-session
196 verbose linkStuff [ false,
196 verbose linkStuff   false,
196 verbose linkStuff   false,
196 verbose linkStuff   '/media/alexander/Data_disk/Olimpiadi/NOIT/mean-stack-registration-login-example-master/node_modules' ]
197 info linkStuff client-session@0.1.7
198 verbose linkBins client-session@0.1.7
199 verbose linkMans client-session@0.1.7
200 verbose rebuildBundles client-session@0.1.7
201 verbose rebuildBundles [ 'cookie' ]
202 info install client-session@0.1.7
203 verbose unsafe-perm in lifecycle true
204 info client-session@0.1.7 Failed to exec install script
205 verbose node_modules/client-session unbuild
206 warn This failure might be due to the use of legacy binary "node"
207 warn For further explanations, please read
/usr/share/doc/nodejs/README.Debian
208 info preuninstall client-session@0.1.7
209 info uninstall client-session@0.1.7
210 verbose true,/media/alexander/Data_disk/Olimpiadi/NOIT/mean-stack-registration-login-example-master/node_modules,/media/alexander/Data_disk/Olimpiadi/NOIT/mean-stack-registration-login-example-master/node_modules unbuild client-session@0.1.7
211 info postuninstall client-session@0.1.7
212 error client-session@0.1.7 install: `node-gyp rebuild`
212 error Exit status 1
213 error Failed at the client-session@0.1.7 install script.
213 error This is most likely a problem with the client-session package,
213 error not with npm itself.
213 error Tell the author that this fails on your system:
213 error     node-gyp rebuild
213 error You can get their info via:
213 error     npm owner ls client-session
213 error There is likely additional logging output above.
214 error System Linux 4.2.0-30-generic
215 error command "/usr/bin/nodejs" "/usr/bin/npm" "install" "client-session"
216 error cwd /media/alexander/Data_disk/Olimpiadi/NOIT/mean-stack-registration-login-example-master
217 error node -v v0.10.25
218 error npm -v 1.4.21
219 error code ELIFECYCLE
220 verbose exit [ 1, true ]
